<?xml version="1.0" encoding="utf-8"?><testsuites name="pytest tests"><testsuite name="pytest" errors="0" failures="0" skipped="0" tests="24" time="4.766" timestamp="2026-06-21T21:35:20.203605+00:00" hostname="agent-env-285b5491-e048-4ae4-9a12-e79421bc9f17"><testcase classname="backend.tests.test_backend.TestAuth" name="test_login_success" time="0.495" /><testcase classname="backend.tests.test_backend.TestAuth" name="test_login_invalid" time="0.372" /><testcase classname="backend.tests.test_backend.TestAuth" name="test_me_endpoint" time="0.458" /><testcase classname="backend.tests.test_backend.TestAuth" name="test_me_unauthenticated" time="0.157" /><testcase classname="backend.tests.test_backend.TestFileUpload" name="test_upload_image_public" time="0.372" /><testcase classname="backend.tests.test_backend.TestFileUpload" name="test_upload_rejects_bad_extension" time="0.128" /><testcase classname="backend.tests.test_backend.TestFileUpload" name="test_file_download_requires_admin" time="0.172" /><testcase classname="backend.tests.test_backend.TestFileUpload" name="test_file_download_admin_ok" time="0.184" /><testcase classname="backend.tests.test_backend.TestQuotes" name="test_create_quote_with_uploaded_file" time="0.134" /><testcase classname="backend.tests.test_backend.TestQuotes" name="test_admin_list_quotes" time="0.061" /><testcase classname="backend.tests.test_backend.TestQuotes" name="test_admin_stats" time="0.054" /><testcase classname="backend.tests.test_backend.TestQuotes" name="test_admin_update_status" time="0.056" /><testcase classname="backend.tests.test_backend.TestQuotes" name="test_admin_endpoints_require_auth" time="0.172" /><testcase classname="backend.tests.test_backend.TestContact" name="test_create_contact_public" time="0.158" /><testcase classname="backend.tests.test_backend.TestContact" name="test_admin_list_contacts" time="0.061" /><testcase classname="backend.tests.test_backend.TestContact" name="test_contact_admin_requires_auth" time="0.136" /><testcase classname="backend.tests.test_backend.TestPricing" name="test_public_pricing_list" time="0.110" /><testcase classname="backend.tests.test_backend.TestPricing" name="test_admin_pricing_list_requires_auth" time="0.114" /><testcase classname="backend.tests.test_backend.TestPricing" name="test_admin_create_pricing_unauth" time="0.140" /><testcase classname="backend.tests.test_backend.TestPricing" name="test_admin_pricing_crud_flow" time="0.555" /><testcase classname="backend.tests.test_backend.TestPricing" name="test_admin_update_nonexistent" time="0.046" /><testcase classname="backend.tests.test_backend.TestPricing" name="test_admin_delete_nonexistent" time="0.042" /><testcase classname="backend.tests.test_backend.TestQuoteNoFile" name="test_quote_no_files_succeeds" time="0.102" /><testcase classname="backend.tests.test_backend.TestQuoteNoFile" name="test_quote_quantity_high" time="0.125" /></testsuite></testsuites>