<?xml version="1.0" encoding="utf-8"?><testsuites name="pytest tests"><testsuite name="pytest" errors="0" failures="0" skipped="0" tests="16" time="2.861" timestamp="2026-06-21T21:04:53.832648+00:00" hostname="agent-env-285b5491-e048-4ae4-9a12-e79421bc9f17"><testcase classname="backend.tests.test_backend.TestAuth" name="test_login_success" time="0.394" /><testcase classname="backend.tests.test_backend.TestAuth" name="test_login_invalid" time="0.350" /><testcase classname="backend.tests.test_backend.TestAuth" name="test_me_endpoint" time="0.405" /><testcase classname="backend.tests.test_backend.TestAuth" name="test_me_unauthenticated" time="0.125" /><testcase classname="backend.tests.test_backend.TestFileUpload" name="test_upload_image_public" time="0.270" /><testcase classname="backend.tests.test_backend.TestFileUpload" name="test_upload_rejects_bad_extension" time="0.114" /><testcase classname="backend.tests.test_backend.TestFileUpload" name="test_file_download_requires_admin" time="0.119" /><testcase classname="backend.tests.test_backend.TestFileUpload" name="test_file_download_admin_ok" time="0.198" /><testcase classname="backend.tests.test_backend.TestQuotes" name="test_create_quote_with_uploaded_file" time="0.148" /><testcase classname="backend.tests.test_backend.TestQuotes" name="test_admin_list_quotes" time="0.052" /><testcase classname="backend.tests.test_backend.TestQuotes" name="test_admin_stats" time="0.052" /><testcase classname="backend.tests.test_backend.TestQuotes" name="test_admin_update_status" time="0.052" /><testcase classname="backend.tests.test_backend.TestQuotes" name="test_admin_endpoints_require_auth" time="0.117" /><testcase classname="backend.tests.test_backend.TestContact" name="test_create_contact_public" time="0.126" /><testcase classname="backend.tests.test_backend.TestContact" name="test_admin_list_contacts" time="0.047" /><testcase classname="backend.tests.test_backend.TestContact" name="test_contact_admin_requires_auth" time="0.124" /></testsuite></testsuites>